<?xml version="1.0" encoding="UTF-8"?>
<!-- Generated by org.testng.reporters.JUnitReportReporter -->
<testsuite hostname="DESKTOP-JJB5732" failures="0" tests="15" name="BTES_GiftShop.TestCases.CartPageTestCases" time="430.886" errors="1" timestamp="2021-05-31T15:59:44 IST" skipped="4">
  <testcase classname="BTES_GiftShop.TestCases.CartPageTestCases" name="SetUp" time="21.208">
    <error message="unknown error: cannot determine loading status
from disconnected: received Inspector.detached event
  (Session info: chrome=90.0.4430.212)
Build info: version: &#039;3.141.59&#039;, revision: &#039;e82be7d358&#039;, time: &#039;2018-11-14T08:17:03&#039;
System info: host: &#039;DESKTOP-JJB5732&#039;, ip: &#039;192.168.1.3&#039;, os.name: &#039;Windows 10&#039;, os.arch: &#039;amd64&#039;, os.version: &#039;10.0&#039;, java.version: &#039;15.0.2&#039;
Driver info: org.openqa.selenium.chrome.ChromeDriver
Capabilities {acceptInsecureCerts: false, browserName: chrome, browserVersion: 90.0.4430.212, chrome: {chromedriverVersion: 90.0.4430.24 (4c6d850f087da..., userDataDir: C:\Users\Shubham\AppData\Lo...}, goog:chromeOptions: {debuggerAddress: localhost:52995}, javascriptEnabled: true, networkConnectionEnabled: false, pageLoadStrategy: normal, platform: WINDOWS, platformName: WINDOWS, proxy: Proxy(), setWindowRect: true, strictFileInteractability: false, timeouts: {implicit: 0, pageLoad: 300000, script: 30000}, unhandledPromptBehavior: dismiss and notify, webauthn:extension:largeBlob: true, webauthn:virtualAuthenticators: true}
Session ID: 21c200fe7dbc2e2f2ea3cf6243a8eed4" type="org.openqa.selenium.WebDriverException">
      <![CDATA[org.openqa.selenium.WebDriverException: unknown error: cannot determine loading status
from disconnected: received Inspector.detached event
  (Session info: chrome=90.0.4430.212)
Build info: version: '3.141.59', revision: 'e82be7d358', time: '2018-11-14T08:17:03'
System info: host: 'DESKTOP-JJB5732', ip: '192.168.1.3', os.name: 'Windows 10', os.arch: 'amd64', os.version: '10.0', java.version: '15.0.2'
Driver info: org.openqa.selenium.chrome.ChromeDriver
Capabilities {acceptInsecureCerts: false, browserName: chrome, browserVersion: 90.0.4430.212, chrome: {chromedriverVersion: 90.0.4430.24 (4c6d850f087da..., userDataDir: C:\Users\Shubham\AppData\Lo...}, goog:chromeOptions: {debuggerAddress: localhost:52995}, javascriptEnabled: true, networkConnectionEnabled: false, pageLoadStrategy: normal, platform: WINDOWS, platformName: WINDOWS, proxy: Proxy(), setWindowRect: true, strictFileInteractability: false, timeouts: {implicit: 0, pageLoad: 300000, script: 30000}, unhandledPromptBehavior: dismiss and notify, webauthn:extension:largeBlob: true, webauthn:virtualAuthenticators: true}
Session ID: 21c200fe7dbc2e2f2ea3cf6243a8eed4
at java.base/jdk.internal.reflect.NativeConstructorAccessorImpl.newInstance0(Native Method)
at java.base/jdk.internal.reflect.NativeConstructorAccessorImpl.newInstance(NativeConstructorAccessorImpl.java:64)
at java.base/jdk.internal.reflect.DelegatingConstructorAccessorImpl.newInstance(DelegatingConstructorAccessorImpl.java:45)
at java.base/java.lang.reflect.Constructor.newInstanceWithCaller(Constructor.java:500)
at java.base/java.lang.reflect.Constructor.newInstance(Constructor.java:481)
at org.openqa.selenium.remote.http.W3CHttpResponseCodec.createException(W3CHttpResponseCodec.java:187)
at org.openqa.selenium.remote.http.W3CHttpResponseCodec.decode(W3CHttpResponseCodec.java:122)
at org.openqa.selenium.remote.http.W3CHttpResponseCodec.decode(W3CHttpResponseCodec.java:49)
at org.openqa.selenium.remote.HttpCommandExecutor.execute(HttpCommandExecutor.java:158)
at org.openqa.selenium.remote.service.DriverCommandExecutor.execute(DriverCommandExecutor.java:83)
at org.openqa.selenium.remote.RemoteWebDriver.execute(RemoteWebDriver.java:552)
at org.openqa.selenium.remote.RemoteWebDriver.get(RemoteWebDriver.java:277)
at BTES_GiftShop.TestBase.TestBase.EnvironmentSetup(TestBase.java:43)
at BTES_GiftShop.TestCases.CartPageTestCases.SetUp(CartPageTestCases.java:18)
at java.base/jdk.internal.reflect.NativeMethodAccessorImpl.invoke0(Native Method)
at java.base/jdk.internal.reflect.NativeMethodAccessorImpl.invoke(NativeMethodAccessorImpl.java:64)
at java.base/jdk.internal.reflect.DelegatingMethodAccessorImpl.invoke(DelegatingMethodAccessorImpl.java:43)
at java.base/java.lang.reflect.Method.invoke(Method.java:564)
at org.testng.internal.MethodInvocationHelper.invokeMethod(MethodInvocationHelper.java:133)
at org.testng.internal.MethodInvocationHelper.invokeMethodConsideringTimeout(MethodInvocationHelper.java:62)
at org.testng.internal.ConfigInvoker.invokeConfigurationMethod(ConfigInvoker.java:385)
at org.testng.internal.ConfigInvoker.invokeConfigurations(ConfigInvoker.java:321)
at org.testng.internal.TestInvoker.runConfigMethods(TestInvoker.java:700)
at org.testng.internal.TestInvoker.invokeMethod(TestInvoker.java:527)
at org.testng.internal.TestInvoker.invokeTestMethod(TestInvoker.java:173)
at org.testng.internal.MethodRunner.runInSequence(MethodRunner.java:46)
at org.testng.internal.TestInvoker$MethodInvocationAgent.invoke(TestInvoker.java:824)
at org.testng.internal.TestInvoker.invokeTestMethods(TestInvoker.java:146)
at org.testng.internal.TestMethodWorker.invokeTestMethods(TestMethodWorker.java:146)
at org.testng.internal.TestMethodWorker.run(TestMethodWorker.java:128)
at java.base/java.util.ArrayList.forEach(ArrayList.java:1511)
at org.testng.TestRunner.privateRun(TestRunner.java:794)
at org.testng.TestRunner.run(TestRunner.java:596)
at org.testng.SuiteRunner.runTest(SuiteRunner.java:377)
at org.testng.SuiteRunner.runSequentially(SuiteRunner.java:371)
at org.testng.SuiteRunner.privateRun(SuiteRunner.java:332)
at org.testng.SuiteRunner.run(SuiteRunner.java:276)
at org.testng.SuiteRunnerWorker.runSuite(SuiteRunnerWorker.java:53)
at org.testng.SuiteRunnerWorker.run(SuiteRunnerWorker.java:96)
at org.testng.TestNG.runSuitesSequentially(TestNG.java:1212)
at org.testng.TestNG.runSuitesLocally(TestNG.java:1134)
at org.testng.TestNG.runSuites(TestNG.java:1063)
at org.testng.TestNG.run(TestNG.java:1031)
at org.testng.remote.AbstractRemoteTestNG.run(AbstractRemoteTestNG.java:115)
at org.testng.remote.RemoteTestNG.initAndRun(RemoteTestNG.java:251)
at org.testng.remote.RemoteTestNG.main(RemoteTestNG.java:77)
]]>
    </error>
  </testcase> <!-- SetUp -->
  <system-out/>
  <testcase classname="BTES_GiftShop.TestCases.CartPageTestCases" name="GiftShopLogoVisible" time="41.507"/>
  <system-out/>
  <testcase classname="BTES_GiftShop.TestCases.CartPageTestCases" name="ContinueShoppingLinkVisible" time="30.773"/>
  <system-out/>
  <testcase classname="BTES_GiftShop.TestCases.CartPageTestCases" name="HomeLinkVisible" time="35.220"/>
  <system-out/>
  <testcase classname="BTES_GiftShop.TestCases.CartPageTestCases" name="HiiAdminLinkVisible" time="56.209"/>
  <system-out/>
  <testcase classname="BTES_GiftShop.TestCases.CartPageTestCases" name="ContactLinkVisible" time="61.185"/>
  <system-out/>
  <testcase classname="BTES_GiftShop.TestCases.CartPageTestCases" name="LogoutLinkVisible" time="14.128"/>
  <system-out/>
  <testcase classname="BTES_GiftShop.TestCases.CartPageTestCases" name="AboutUsLinkVisible" time="29.353"/>
  <system-out/>
  <testcase classname="BTES_GiftShop.TestCases.CartPageTestCases" name="ContactUsLinkVisible" time="55.477"/>
  <system-out/>
  <testcase classname="BTES_GiftShop.TestCases.CartPageTestCases" name="FAQLinkVisible" time="85.627"/>
  <system-out/>
  <testcase classname="BTES_GiftShop.TestCases.CartPageTestCases" name="ShippingLinkVisible" time="0.199"/>
  <system-out/>
  <testcase classname="BTES_GiftShop.TestCases.CartPageTestCases" name="PaymentLinkVisible" time="0.000">
    <skipped/>
  </testcase> <!-- PaymentLinkVisible -->
  <system-out/>
  <testcase classname="BTES_GiftShop.TestCases.CartPageTestCases" name="TermsandConditionLinkVisible" time="0.000">
    <skipped/>
  </testcase> <!-- TermsandConditionLinkVisible -->
  <system-out/>
  <testcase classname="BTES_GiftShop.TestCases.CartPageTestCases" name="CancellationLinkVisible" time="0.000">
    <skipped/>
  </testcase> <!-- CancellationLinkVisible -->
  <system-out/>
  <testcase classname="BTES_GiftShop.TestCases.CartPageTestCases" name="SupportLinkVisible" time="0.000">
    <skipped/>
  </testcase> <!-- SupportLinkVisible -->
  <system-out/>
</testsuite> <!-- BTES_GiftShop.TestCases.CartPageTestCases -->
