<?xml version="1.0" encoding="UTF-8"?>
<!-- Generated by org.testng.reporters.JUnitXMLReporter -->
<testsuite ignored="0" hostname="DESKTOP-JJB5732" failures="0" tests="19" name="Test" time="202.614" errors="0" timestamp="2021-05-31T15:49:38 IST">
  <testcase classname="BTES_GiftShop.TestCases.CartPageTestCases" name="@BeforeMethod SetUp" time="78.019">
    <failure type="org.openqa.selenium.NoSuchWindowException" message="no such window: target window already closed
from unknown error: web view not found
  (Session info: chrome=90.0.4430.212)
Build info: version: &amp;apos;3.141.59&amp;apos;, revision: &amp;apos;e82be7d358&amp;apos;, time: &amp;apos;2018-11-14T08:17:03&amp;apos;
System info: host: &amp;apos;DESKTOP-JJB5732&amp;apos;, ip: &amp;apos;192.168.137.1&amp;apos;, os.name: &amp;apos;Windows 10&amp;apos;, os.arch: &amp;apos;amd64&amp;apos;, os.version: &amp;apos;10.0&amp;apos;, java.version: &amp;apos;15.0.2&amp;apos;
Driver info: org.openqa.selenium.chrome.ChromeDriver
Capabilities {acceptInsecureCerts: false, browserName: chrome, browserVersion: 90.0.4430.212, chrome: {chromedriverVersion: 90.0.4430.24 (4c6d850f087da..., userDataDir: C:\Users\Shubham\AppData\Lo...}, goog:chromeOptions: {debuggerAddress: localhost:51986}, javascriptEnabled: true, networkConnectionEnabled: false, pageLoadStrategy: normal, platform: WINDOWS, platformName: WINDOWS, proxy: Proxy(), setWindowRect: true, strictFileInteractability: false, timeouts: {implicit: 0, pageLoad: 300000, script: 30000}, unhandledPromptBehavior: dismiss and notify, webauthn:extension:largeBlob: true, webauthn:virtualAuthenticators: true}
Session ID: a1050cd4f35675b627489e9bd20d4b8e
*** Element info: {Using=name, value=uname}">
      <![CDATA[org.openqa.selenium.NoSuchWindowException: no such window: target window already closed
from unknown error: web view not found
  (Session info: chrome=90.0.4430.212)
Build info: version: '3.141.59', revision: 'e82be7d358', time: '2018-11-14T08:17:03'
System info: host: 'DESKTOP-JJB5732', ip: '192.168.137.1', os.name: 'Windows 10', os.arch: 'amd64', os.version: '10.0', java.version: '15.0.2'
Driver info: org.openqa.selenium.chrome.ChromeDriver
Capabilities {acceptInsecureCerts: false, browserName: chrome, browserVersion: 90.0.4430.212, chrome: {chromedriverVersion: 90.0.4430.24 (4c6d850f087da..., userDataDir: C:\Users\Shubham\AppData\Lo...}, goog:chromeOptions: {debuggerAddress: localhost:51986}, javascriptEnabled: true, networkConnectionEnabled: false, pageLoadStrategy: normal, platform: WINDOWS, platformName: WINDOWS, proxy: Proxy(), setWindowRect: true, strictFileInteractability: false, timeouts: {implicit: 0, pageLoad: 300000, script: 30000}, unhandledPromptBehavior: dismiss and notify, webauthn:extension:largeBlob: true, webauthn:virtualAuthenticators: true}
Session ID: a1050cd4f35675b627489e9bd20d4b8e
*** Element info: {Using=name, value=uname}
at org.openqa.selenium.remote.http.W3CHttpResponseCodec.createException(W3CHttpResponseCodec.java:187)
at org.openqa.selenium.remote.http.W3CHttpResponseCodec.decode(W3CHttpResponseCodec.java:122)
at org.openqa.selenium.remote.http.W3CHttpResponseCodec.decode(W3CHttpResponseCodec.java:49)
at org.openqa.selenium.remote.HttpCommandExecutor.execute(HttpCommandExecutor.java:158)
at org.openqa.selenium.remote.service.DriverCommandExecutor.execute(DriverCommandExecutor.java:83)
at org.openqa.selenium.remote.RemoteWebDriver.execute(RemoteWebDriver.java:552)
at org.openqa.selenium.remote.RemoteWebDriver.findElement(RemoteWebDriver.java:323)
at org.openqa.selenium.remote.RemoteWebDriver.findElementByName(RemoteWebDriver.java:404)
at org.openqa.selenium.By$ByName.findElement(By.java:284)
at org.openqa.selenium.remote.RemoteWebDriver.findElement(RemoteWebDriver.java:315)
at BTES_GiftShop.TestCases.CartPageTestCases.SetUp(CartPageTestCases.java:20)
at java.base/java.util.ArrayList.forEach(ArrayList.java:1511)
... Removed 40 stack frames]]>
    </failure>
  </testcase> <!-- @BeforeMethod SetUp -->
  <testcase classname="BTES_GiftShop.TestCases.CartPageTestCases" name="@AfterMethod TearDown" time="-1.622456374938E9">
    <skipped/>
  </testcase> <!-- @AfterMethod TearDown -->
  <testcase classname="BTES_GiftShop.TestCases.CartPageTestCases" name="@BeforeMethod SetUp" time="-1.622456374941E9">
    <skipped/>
  </testcase> <!-- @BeforeMethod SetUp -->
  <testcase classname="BTES_GiftShop.TestCases.CartPageTestCases" name="@AfterMethod TearDown" time="-1.622456374942E9">
    <skipped/>
  </testcase> <!-- @AfterMethod TearDown -->
  <testcase classname="BTES_GiftShop.TestCases.CartPageTestCases" name="@BeforeMethod SetUp" time="-1.622456374943E9">
    <skipped/>
  </testcase> <!-- @BeforeMethod SetUp -->
  <testcase classname="BTES_GiftShop.TestCases.CartPageTestCases" name="@AfterMethod TearDown" time="-1.622456374944E9">
    <skipped/>
  </testcase> <!-- @AfterMethod TearDown -->
  <testcase classname="BTES_GiftShop.TestCases.CartPageTestCases" name="@BeforeMethod SetUp" time="-1.622456374944E9">
    <skipped/>
  </testcase> <!-- @BeforeMethod SetUp -->
  <testcase classname="BTES_GiftShop.TestCases.CartPageTestCases" name="@AfterMethod TearDown" time="-1.62245637495E9">
    <skipped/>
  </testcase> <!-- @AfterMethod TearDown -->
  <testcase classname="BTES_GiftShop.TestCases.CartPageTestCases" name="@BeforeMethod SetUp" time="-1.622456374951E9">
    <skipped/>
  </testcase> <!-- @BeforeMethod SetUp -->
  <testcase classname="BTES_GiftShop.TestCases.CartPageTestCases" name="@AfterMethod TearDown" time="-1.622456374954E9">
    <skipped/>
  </testcase> <!-- @AfterMethod TearDown -->
  <testcase classname="BTES_GiftShop.TestCases.CartPageTestCases" name="@BeforeMethod SetUp" time="-1.622456374955E9">
    <skipped/>
  </testcase> <!-- @BeforeMethod SetUp -->
  <testcase classname="BTES_GiftShop.TestCases.CartPageTestCases" name="@AfterMethod TearDown" time="-1.622456374955E9">
    <skipped/>
  </testcase> <!-- @AfterMethod TearDown -->
  <testcase classname="BTES_GiftShop.TestCases.CartPageTestCases" name="@BeforeMethod SetUp" time="-1.622456374956E9">
    <skipped/>
  </testcase> <!-- @BeforeMethod SetUp -->
  <testcase classname="BTES_GiftShop.TestCases.CartPageTestCases" name="@AfterMethod TearDown" time="-1.622456374956E9">
    <skipped/>
  </testcase> <!-- @AfterMethod TearDown -->
  <testcase classname="BTES_GiftShop.TestCases.CartPageTestCases" name="@BeforeMethod SetUp" time="-1.622456374957E9">
    <skipped/>
  </testcase> <!-- @BeforeMethod SetUp -->
  <testcase classname="BTES_GiftShop.TestCases.CartPageTestCases" name="@AfterMethod TearDown" time="-1.622456374957E9">
    <skipped/>
  </testcase> <!-- @AfterMethod TearDown -->
  <testcase classname="BTES_GiftShop.TestCases.CartPageTestCases" name="@BeforeMethod SetUp" time="-1.622456374958E9">
    <skipped/>
  </testcase> <!-- @BeforeMethod SetUp -->
  <testcase classname="BTES_GiftShop.TestCases.CartPageTestCases" name="@AfterMethod TearDown" time="-1.622456374958E9">
    <skipped/>
  </testcase> <!-- @AfterMethod TearDown -->
  <testcase classname="BTES_GiftShop.TestCases.CartPageTestCases" name="@BeforeMethod SetUp" time="-1.62245637496E9">
    <skipped/>
  </testcase> <!-- @BeforeMethod SetUp -->
  <testcase classname="BTES_GiftShop.TestCases.CartPageTestCases" name="@AfterMethod TearDown" time="-1.62245637496E9">
    <skipped/>
  </testcase> <!-- @AfterMethod TearDown -->
  <testcase classname="BTES_GiftShop.TestCases.CartPageTestCases" name="GiftShopLogoVisible" time="0.11"/>
  <testcase classname="BTES_GiftShop.TestCases.CartPageTestCases" name="ContinueShoppingLinkVisible" time="0.041"/>
  <testcase classname="BTES_GiftShop.TestCases.CartPageTestCases" name="HomeLinkVisible" time="0.051"/>
  <testcase classname="BTES_GiftShop.TestCases.CartPageTestCases" name="HiiAdminLinkVisible" time="0.051"/>
  <testcase classname="BTES_GiftShop.TestCases.CartPageTestCases" name="ContactLinkVisible" time="0.0">
    <skipped/>
  </testcase> <!-- ContactLinkVisible -->
  <testcase classname="BTES_GiftShop.TestCases.CartPageTestCases" name="LogoutLinkVisible" time="0.0">
    <skipped/>
  </testcase> <!-- LogoutLinkVisible -->
  <testcase classname="BTES_GiftShop.TestCases.CartPageTestCases" name="AboutUsLinkVisible" time="0.0">
    <skipped/>
  </testcase> <!-- AboutUsLinkVisible -->
  <testcase classname="BTES_GiftShop.TestCases.CartPageTestCases" name="ContactUsLinkVisible" time="0.0">
    <skipped/>
  </testcase> <!-- ContactUsLinkVisible -->
  <testcase classname="BTES_GiftShop.TestCases.CartPageTestCases" name="FAQLinkVisible" time="0.0">
    <skipped/>
  </testcase> <!-- FAQLinkVisible -->
  <testcase classname="BTES_GiftShop.TestCases.CartPageTestCases" name="ShippingLinkVisible" time="0.0">
    <skipped/>
  </testcase> <!-- ShippingLinkVisible -->
  <testcase classname="BTES_GiftShop.TestCases.CartPageTestCases" name="PaymentLinkVisible" time="0.0">
    <skipped/>
  </testcase> <!-- PaymentLinkVisible -->
  <testcase classname="BTES_GiftShop.TestCases.CartPageTestCases" name="TermsandConditionLinkVisible" time="0.0">
    <skipped/>
  </testcase> <!-- TermsandConditionLinkVisible -->
  <testcase classname="BTES_GiftShop.TestCases.CartPageTestCases" name="CancellationLinkVisible" time="0.0">
    <skipped/>
  </testcase> <!-- CancellationLinkVisible -->
  <testcase classname="BTES_GiftShop.TestCases.CartPageTestCases" name="SupportLinkVisible" time="0.0">
    <skipped/>
  </testcase> <!-- SupportLinkVisible -->
  <testcase classname="BTES_GiftShop.TestCases.LoginPageTestCases" name="SignupBtnDisplayed" time="0.07"/>
  <testcase classname="BTES_GiftShop.TestCases.LoginPageTestCases" name="BackBtnDisplayed" time="0.06"/>
  <testcase classname="BTES_GiftShop.TestCases.LoginPageTestCases" name="EnterUsername" time="0.146"/>
  <testcase classname="BTES_GiftShop.TestCases.LoginPageTestCases" name="EnterPassword" time="0.078"/>
  <testcase classname="BTES_GiftShop.TestCases.LoginPageTestCases" name="EnterLoginBtn" time="2.768"/>
</testsuite> <!-- Test -->
