<?xml version="1.0" encoding="UTF-8"?>
<!-- Generated by org.testng.reporters.JUnitReportReporter -->
<testsuite hostname="DESKTOP-JJB5732" failures="0" tests="15" name="BTES_GiftShop.TestCases.CartPageTestCases" time="199.401" errors="1" timestamp="2021-05-31T15:49:38 IST" skipped="10">
  <testcase classname="BTES_GiftShop.TestCases.CartPageTestCases" name="SetUp" time="102.788">
    <error message="no such window: target window already closed
from unknown error: web view not found
  (Session info: chrome=90.0.4430.212)
Build info: version: &#039;3.141.59&#039;, revision: &#039;e82be7d358&#039;, time: &#039;2018-11-14T08:17:03&#039;
System info: host: &#039;DESKTOP-JJB5732&#039;, ip: &#039;192.168.137.1&#039;, os.name: &#039;Windows 10&#039;, os.arch: &#039;amd64&#039;, os.version: &#039;10.0&#039;, java.version: &#039;15.0.2&#039;
Driver info: org.openqa.selenium.chrome.ChromeDriver
Capabilities {acceptInsecureCerts: false, browserName: chrome, browserVersion: 90.0.4430.212, chrome: {chromedriverVersion: 90.0.4430.24 (4c6d850f087da..., userDataDir: C:\Users\Shubham\AppData\Lo...}, goog:chromeOptions: {debuggerAddress: localhost:51986}, javascriptEnabled: true, networkConnectionEnabled: false, pageLoadStrategy: normal, platform: WINDOWS, platformName: WINDOWS, proxy: Proxy(), setWindowRect: true, strictFileInteractability: false, timeouts: {implicit: 0, pageLoad: 300000, script: 30000}, unhandledPromptBehavior: dismiss and notify, webauthn:extension:largeBlob: true, webauthn:virtualAuthenticators: true}
Session ID: a1050cd4f35675b627489e9bd20d4b8e
*** Element info: {Using=name, value=uname}" type="org.openqa.selenium.NoSuchWindowException">
      <![CDATA[org.openqa.selenium.NoSuchWindowException: no such window: target window already closed
from unknown error: web view not found
  (Session info: chrome=90.0.4430.212)
Build info: version: '3.141.59', revision: 'e82be7d358', time: '2018-11-14T08:17:03'
System info: host: 'DESKTOP-JJB5732', ip: '192.168.137.1', os.name: 'Windows 10', os.arch: 'amd64', os.version: '10.0', java.version: '15.0.2'
Driver info: org.openqa.selenium.chrome.ChromeDriver
Capabilities {acceptInsecureCerts: false, browserName: chrome, browserVersion: 90.0.4430.212, chrome: {chromedriverVersion: 90.0.4430.24 (4c6d850f087da..., userDataDir: C:\Users\Shubham\AppData\Lo...}, goog:chromeOptions: {debuggerAddress: localhost:51986}, javascriptEnabled: true, networkConnectionEnabled: false, pageLoadStrategy: normal, platform: WINDOWS, platformName: WINDOWS, proxy: Proxy(), setWindowRect: true, strictFileInteractability: false, timeouts: {implicit: 0, pageLoad: 300000, script: 30000}, unhandledPromptBehavior: dismiss and notify, webauthn:extension:largeBlob: true, webauthn:virtualAuthenticators: true}
Session ID: a1050cd4f35675b627489e9bd20d4b8e
*** Element info: {Using=name, value=uname}
at java.base/jdk.internal.reflect.NativeConstructorAccessorImpl.newInstance0(Native Method)
at java.base/jdk.internal.reflect.NativeConstructorAccessorImpl.newInstance(NativeConstructorAccessorImpl.java:64)
at java.base/jdk.internal.reflect.DelegatingConstructorAccessorImpl.newInstance(DelegatingConstructorAccessorImpl.java:45)
at java.base/java.lang.reflect.Constructor.newInstanceWithCaller(Constructor.java:500)
at java.base/java.lang.reflect.Constructor.newInstance(Constructor.java:481)
at org.openqa.selenium.remote.http.W3CHttpResponseCodec.createException(W3CHttpResponseCodec.java:187)
at org.openqa.selenium.remote.http.W3CHttpResponseCodec.decode(W3CHttpResponseCodec.java:122)
at org.openqa.selenium.remote.http.W3CHttpResponseCodec.decode(W3CHttpResponseCodec.java:49)
at org.openqa.selenium.remote.HttpCommandExecutor.execute(HttpCommandExecutor.java:158)
at org.openqa.selenium.remote.service.DriverCommandExecutor.execute(DriverCommandExecutor.java:83)
at org.openqa.selenium.remote.RemoteWebDriver.execute(RemoteWebDriver.java:552)
at org.openqa.selenium.remote.RemoteWebDriver.findElement(RemoteWebDriver.java:323)
at org.openqa.selenium.remote.RemoteWebDriver.findElementByName(RemoteWebDriver.java:404)
at org.openqa.selenium.By$ByName.findElement(By.java:284)
at org.openqa.selenium.remote.RemoteWebDriver.findElement(RemoteWebDriver.java:315)
at BTES_GiftShop.TestCases.CartPageTestCases.SetUp(CartPageTestCases.java:20)
at java.base/jdk.internal.reflect.NativeMethodAccessorImpl.invoke0(Native Method)
at java.base/jdk.internal.reflect.NativeMethodAccessorImpl.invoke(NativeMethodAccessorImpl.java:64)
at java.base/jdk.internal.reflect.DelegatingMethodAccessorImpl.invoke(DelegatingMethodAccessorImpl.java:43)
at java.base/java.lang.reflect.Method.invoke(Method.java:564)
at org.testng.internal.MethodInvocationHelper.invokeMethod(MethodInvocationHelper.java:133)
at org.testng.internal.MethodInvocationHelper.invokeMethodConsideringTimeout(MethodInvocationHelper.java:62)
at org.testng.internal.ConfigInvoker.invokeConfigurationMethod(ConfigInvoker.java:385)
at org.testng.internal.ConfigInvoker.invokeConfigurations(ConfigInvoker.java:321)
at org.testng.internal.TestInvoker.runConfigMethods(TestInvoker.java:700)
at org.testng.internal.TestInvoker.invokeMethod(TestInvoker.java:527)
at org.testng.internal.TestInvoker.invokeTestMethod(TestInvoker.java:173)
at org.testng.internal.MethodRunner.runInSequence(MethodRunner.java:46)
at org.testng.internal.TestInvoker$MethodInvocationAgent.invoke(TestInvoker.java:824)
at org.testng.internal.TestInvoker.invokeTestMethods(TestInvoker.java:146)
at org.testng.internal.TestMethodWorker.invokeTestMethods(TestMethodWorker.java:146)
at org.testng.internal.TestMethodWorker.run(TestMethodWorker.java:128)
at java.base/java.util.ArrayList.forEach(ArrayList.java:1511)
at org.testng.TestRunner.privateRun(TestRunner.java:794)
at org.testng.TestRunner.run(TestRunner.java:596)
at org.testng.SuiteRunner.runTest(SuiteRunner.java:377)
at org.testng.SuiteRunner.runSequentially(SuiteRunner.java:371)
at org.testng.SuiteRunner.privateRun(SuiteRunner.java:332)
at org.testng.SuiteRunner.run(SuiteRunner.java:276)
at org.testng.SuiteRunnerWorker.runSuite(SuiteRunnerWorker.java:53)
at org.testng.SuiteRunnerWorker.run(SuiteRunnerWorker.java:96)
at org.testng.TestNG.runSuitesSequentially(TestNG.java:1212)
at org.testng.TestNG.runSuitesLocally(TestNG.java:1134)
at org.testng.TestNG.runSuites(TestNG.java:1063)
at org.testng.TestNG.run(TestNG.java:1031)
at org.apache.maven.surefire.testng.TestNGExecutor.run(TestNGExecutor.java:284)
at org.apache.maven.surefire.testng.TestNGXmlTestSuite.execute(TestNGXmlTestSuite.java:75)
at org.apache.maven.surefire.testng.TestNGProvider.invoke(TestNGProvider.java:119)
at org.apache.maven.surefire.booter.ForkedBooter.runSuitesInProcess(ForkedBooter.java:428)
at org.apache.maven.surefire.booter.ForkedBooter.execute(ForkedBooter.java:162)
at org.apache.maven.surefire.booter.ForkedBooter.run(ForkedBooter.java:562)
at org.apache.maven.surefire.booter.ForkedBooter.main(ForkedBooter.java:548)
]]>
    </error>
  </testcase> <!-- SetUp -->
  <system-out/>
  <testcase classname="BTES_GiftShop.TestCases.CartPageTestCases" name="GiftShopLogoVisible" time="22.436"/>
  <system-out/>
  <testcase classname="BTES_GiftShop.TestCases.CartPageTestCases" name="ContinueShoppingLinkVisible" time="25.074"/>
  <system-out/>
  <testcase classname="BTES_GiftShop.TestCases.CartPageTestCases" name="HomeLinkVisible" time="49.052"/>
  <system-out/>
  <testcase classname="BTES_GiftShop.TestCases.CartPageTestCases" name="HiiAdminLinkVisible" time="0.051"/>
  <system-out/>
  <testcase classname="BTES_GiftShop.TestCases.CartPageTestCases" name="ContactLinkVisible" time="0.000">
    <skipped/>
  </testcase> <!-- ContactLinkVisible -->
  <system-out/>
  <testcase classname="BTES_GiftShop.TestCases.CartPageTestCases" name="LogoutLinkVisible" time="0.000">
    <skipped/>
  </testcase> <!-- LogoutLinkVisible -->
  <system-out/>
  <testcase classname="BTES_GiftShop.TestCases.CartPageTestCases" name="AboutUsLinkVisible" time="0.000">
    <skipped/>
  </testcase> <!-- AboutUsLinkVisible -->
  <system-out/>
  <testcase classname="BTES_GiftShop.TestCases.CartPageTestCases" name="ContactUsLinkVisible" time="0.000">
    <skipped/>
  </testcase> <!-- ContactUsLinkVisible -->
  <system-out/>
  <testcase classname="BTES_GiftShop.TestCases.CartPageTestCases" name="FAQLinkVisible" time="0.000">
    <skipped/>
  </testcase> <!-- FAQLinkVisible -->
  <system-out/>
  <testcase classname="BTES_GiftShop.TestCases.CartPageTestCases" name="ShippingLinkVisible" time="0.000">
    <skipped/>
  </testcase> <!-- ShippingLinkVisible -->
  <system-out/>
  <testcase classname="BTES_GiftShop.TestCases.CartPageTestCases" name="PaymentLinkVisible" time="0.000">
    <skipped/>
  </testcase> <!-- PaymentLinkVisible -->
  <system-out/>
  <testcase classname="BTES_GiftShop.TestCases.CartPageTestCases" name="TermsandConditionLinkVisible" time="0.000">
    <skipped/>
  </testcase> <!-- TermsandConditionLinkVisible -->
  <system-out/>
  <testcase classname="BTES_GiftShop.TestCases.CartPageTestCases" name="CancellationLinkVisible" time="0.000">
    <skipped/>
  </testcase> <!-- CancellationLinkVisible -->
  <system-out/>
  <testcase classname="BTES_GiftShop.TestCases.CartPageTestCases" name="SupportLinkVisible" time="0.000">
    <skipped/>
  </testcase> <!-- SupportLinkVisible -->
  <system-out/>
</testsuite> <!-- BTES_GiftShop.TestCases.CartPageTestCases -->
